# JRE version: Java(TM) SE Runtime Environment (8.0_91-b14) (build 1.8.0_91-b14)
# Java VM: Java HotSpot(TM) 64-Bit Server VM (25.91-b14 mixed mode linux-amd64 compressed oops)
Heap:
 PSYoungGen      total 359936K, used 0K [0x00000000e0000000, 0x00000000fe980000, 0x0000000100000000)
  eden space 230400K, 0% used [0x00000000e0000000,0x00000000e0000000,0x00000000ee100000)
  from space 129536K, 0% used [0x00000000ee100000,0x00000000ee100000,0x00000000f5f80000)
  to   space 123904K, 0% used [0x00000000f7080000,0x00000000f7080000,0x00000000fe980000)
 ParOldGen       total 887296K, used 870162K [0x00000000a0000000, 0x00000000d6280000, 0x00000000e0000000)
  object space 887296K, 98% used [0x00000000a0000000,0x00000000d51c4890,0x00000000d6280000)
 Metaspace       used 85466K, capacity 87708K, committed 89088K, reserved 1126400K
  class space    used 10955K, capacity 11431K, committed 11776K, reserved 1048576K
GC Heap History (10 events):
Event: 6271,069 GC heap after
Heap after GC invocations=122 (full 15):
 PSYoungGen      total 348672K, used 46250K [0x00000000e0000000, 0x00000000ff580000, 0x0000000100000000)
  eden space 187904K, 0% used [0x00000000e0000000,0x00000000e0000000,0x00000000eb780000)
  from space 160768K, 28% used [0x00000000eb780000,0x00000000ee4aa818,0x00000000f5480000)
  to   space 153088K, 0% used [0x00000000f6000000,0x00000000f6000000,0x00000000ff580000)
 ParOldGen       total 887296K, used 655207K [0x00000000a0000000, 0x00000000d6280000, 0x00000000e0000000)
  object space 887296K, 73% used [0x00000000a0000000,0x00000000c7fd9f60,0x00000000d6280000)
 Metaspace       used 85461K, capacity 87708K, committed 89088K, reserved 1126400K
  class space    used 10955K, capacity 11431K, committed 11776K, reserved 1048576K
}
Event: 6271,396 GC heap before
{Heap before GC invocations=123 (full 15):
 PSYoungGen      total 348672K, used 234154K [0x00000000e0000000, 0x00000000ff580000, 0x0000000100000000)
  eden space 187904K, 100% used [0x00000000e0000000,0x00000000eb780000,0x00000000eb780000)
  from space 160768K, 28% used [0x00000000eb780000,0x00000000ee4aa818,0x00000000f5480000)
  to   space 153088K, 0% used [0x00000000f6000000,0x00000000f6000000,0x00000000ff580000)
 ParOldGen       total 887296K, used 655211K [0x00000000a0000000, 0x00000000d6280000, 0x00000000e0000000)
  object space 887296K, 73% used [0x00000000a0000000,0x00000000c7fdafd0,0x00000000d6280000)
 Metaspace       used 85461K, capacity 87708K, committed 89088K, reserved 1126400K
  class space    used 10955K, capacity 11431K, committed 11776K, reserved 1048576K
Event: 6271,506 GC heap after
Heap after GC invocations=123 (full 15):
 PSYoungGen      total 347136K, used 48309K [0x00000000e0000000, 0x00000000fe780000, 0x0000000100000000)
  eden space 208384K, 0% used [0x00000000e0000000,0x00000000e0000000,0x00000000ecb80000)
  from space 138752K, 34% used [0x00000000f6000000,0x00000000f8f2d430,0x00000000fe780000)
  to   space 145408K, 0% used [0x00000000ecb80000,0x00000000ecb80000,0x00000000f5980000)
 ParOldGen       total 887296K, used 696502K [0x00000000a0000000, 0x00000000d6280000, 0x00000000e0000000)
  object space 887296K, 78% used [0x00000000a0000000,0x00000000ca82db50,0x00000000d6280000)
 Metaspace       used 85461K, capacity 87708K, committed 89088K, reserved 1126400K
  class space    used 10955K, capacity 11431K, committed 11776K, reserved 1048576K
}
Event: 6271,839 GC heap before
{Heap before GC invocations=124 (full 15):
 PSYoungGen      total 347136K, used 256693K [0x00000000e0000000, 0x00000000fe780000, 0x0000000100000000)
  eden space 208384K, 100% used [0x00000000e0000000,0x00000000ecb80000,0x00000000ecb80000)
  from space 138752K, 34% used [0x00000000f6000000,0x00000000f8f2d430,0x00000000fe780000)
  to   space 145408K, 0% used [0x00000000ecb80000,0x00000000ecb80000,0x00000000f5980000)
 ParOldGen       total 887296K, used 696504K [0x00000000a0000000, 0x00000000d6280000, 0x00000000e0000000)
  object space 887296K, 78% used [0x00000000a0000000,0x00000000ca82e148,0x00000000d6280000)
 Metaspace       used 85462K, capacity 87708K, committed 89088K, reserved 1126400K
  class space    used 10955K, capacity 11431K, committed 11776K, reserved 1048576K
Event: 6271,954 GC heap after
Heap after GC invocations=124 (full 15):
 PSYoungGen      total 353792K, used 53230K [0x00000000e0000000, 0x00000000fed00000, 0x0000000100000000)
  eden space 208384K, 0% used [0x00000000e0000000,0x00000000e0000000,0x00000000ecb80000)
  from space 145408K, 36% used [0x00000000ecb80000,0x00000000eff7bb28,0x00000000f5980000)
  to   space 137216K, 0% used [0x00000000f6700000,0x00000000f6700000,0x00000000fed00000)
 ParOldGen       total 887296K, used 740448K [0x00000000a0000000, 0x00000000d6280000, 0x00000000e0000000)
  object space 887296K, 83% used [0x00000000a0000000,0x00000000cd318188,0x00000000d6280000)
 Metaspace       used 85462K, capacity 87708K, committed 89088K, reserved 1126400K
  class space    used 10955K, capacity 11431K, committed 11776K, reserved 1048576K
}
Event: 6272,282 GC heap before
{Heap before GC invocations=125 (full 15):
 PSYoungGen      total 353792K, used 261614K [0x00000000e0000000, 0x00000000fed00000, 0x0000000100000000)
  eden space 208384K, 100% used [0x00000000e0000000,0x00000000ecb80000,0x00000000ecb80000)
  from space 145408K, 36% used [0x00000000ecb80000,0x00000000eff7bb28,0x00000000f5980000)
  to   space 137216K, 0% used [0x00000000f6700000,0x00000000f6700000,0x00000000fed00000)
 ParOldGen       total 887296K, used 740448K [0x00000000a0000000, 0x00000000d6280000, 0x00000000e0000000)
  object space 887296K, 83% used [0x00000000a0000000,0x00000000cd3181e0,0x00000000d6280000)
 Metaspace       used 85462K, capacity 87708K, committed 89088K, reserved 1126400K
  class space    used 10955K, capacity 11431K, committed 11776K, reserved 1048576K
Event: 6272,420 GC heap after
Heap after GC invocations=125 (full 15):
 PSYoungGen      total 352256K, used 55980K [0x00000000e0000000, 0x00000000fde00000, 0x0000000100000000)
  eden space 230400K, 0% used [0x00000000e0000000,0x00000000e0000000,0x00000000ee100000)
  from space 121856K, 45% used [0x00000000f6700000,0x00000000f9dab208,0x00000000fde00000)
  to   space 129536K, 0% used [0x00000000ee100000,0x00000000ee100000,0x00000000f5f80000)
 ParOldGen       total 887296K, used 788240K [0x00000000a0000000, 0x00000000d6280000, 0x00000000e0000000)
  object space 887296K, 88% used [0x00000000a0000000,0x00000000d01c4230,0x00000000d6280000)
 Metaspace       used 85462K, capacity 87708K, committed 89088K, reserved 1126400K
  class space    used 10955K, capacity 11431K, committed 11776K, reserved 1048576K
}
Event: 6272,966 GC heap before
{Heap before GC invocations=126 (full 15):
 PSYoungGen      total 352256K, used 286380K [0x00000000e0000000, 0x00000000fde00000, 0x0000000100000000)
  eden space 230400K, 100% used [0x00000000e0000000,0x00000000ee100000,0x00000000ee100000)
  from space 121856K, 45% used [0x00000000f6700000,0x00000000f9dab208,0x00000000fde00000)
  to   space 129536K, 0% used [0x00000000ee100000,0x00000000ee100000,0x00000000f5f80000)
 ParOldGen       total 887296K, used 788242K [0x00000000a0000000, 0x00000000d6280000, 0x00000000e0000000)
  object space 887296K, 88% used [0x00000000a0000000,0x00000000d01c4ae8,0x00000000d6280000)
 Metaspace       used 85466K, capacity 87708K, committed 89088K, reserved 1126400K
  class space    used 10955K, capacity 11431K, committed 11776K, reserved 1048576K
Event: 6273,120 GC heap after
Heap after GC invocations=126 (full 15):
 PSYoungGen      total 359936K, used 61877K [0x00000000e0000000, 0x00000000fe980000, 0x0000000100000000)
  eden space 230400K, 0% used [0x00000000e0000000,0x00000000e0000000,0x00000000ee100000)
  from space 129536K, 47% used [0x00000000ee100000,0x00000000f1d6d680,0x00000000f5f80000)
  to   space 123904K, 0% used [0x00000000f7080000,0x00000000f7080000,0x00000000fe980000)
 ParOldGen       total 887296K, used 837153K [0x00000000a0000000, 0x00000000d6280000, 0x00000000e0000000)
  object space 887296K, 94% used [0x00000000a0000000,0x00000000d3188570,0x00000000d6280000)
 Metaspace       used 85466K, capacity 87708K, committed 89088K, reserved 1126400K
  class space    used 10955K, capacity 11431K, committed 11776K, reserved 1048576K
}
Event: 6273,120 GC heap before
{Heap before GC invocations=127 (full 16):
 PSYoungGen      total 359936K, used 61877K [0x00000000e0000000, 0x00000000fe980000, 0x0000000100000000)
  eden space 230400K, 0% used [0x00000000e0000000,0x00000000e0000000,0x00000000ee100000)
  from space 129536K, 47% used [0x00000000ee100000,0x00000000f1d6d680,0x00000000f5f80000)
  to   space 123904K, 0% used [0x00000000f7080000,0x00000000f7080000,0x00000000fe980000)
 ParOldGen       total 887296K, used 837153K [0x00000000a0000000, 0x00000000d6280000, 0x00000000e0000000)
  object space 887296K, 94% used [0x00000000a0000000,0x00000000d3188570,0x00000000d6280000)
 Metaspace       used 85466K, capacity 87708K, committed 89088K, reserved 1126400K
  class space    used 10955K, capacity 11431K, committed 11776K, reserved 1048576K

